<?xml version="1.0" encoding="UTF-8"?>
<!-- Generated by org.testng.reporters.JUnitXMLReporter -->
<testsuite ignored="0" hostname="DESKTOP-64117D5" failures="0" tests="2" name="Test" time="1.804" errors="0" timestamp="2024-08-20T12:44:32 IST">
  <testcase classname="work.orgs.Seleniumss" name="@BeforeMethod setup" time="1.755">
    <failure type="org.openqa.selenium.remote.http.ConnectionFailedException" message="Unable to establish websocket connection to http://localhost:64350/devtools/browser/11c4658c-2efe-4bce-8716-5645ffaed410
Build info: version: &amp;apos;4.0.0&amp;apos;, revision: &amp;apos;3a21814679&amp;apos;
System info: host: &amp;apos;DESKTOP-64117D5&amp;apos;, ip: &amp;apos;192.168.43.77&amp;apos;, os.name: &amp;apos;Windows 11&amp;apos;, os.arch: &amp;apos;amd64&amp;apos;, os.version: &amp;apos;10.0&amp;apos;, java.version: &amp;apos;22.0.1&amp;apos;
Driver info: driver.version: ChromeDriver">
      <![CDATA[org.openqa.selenium.remote.http.ConnectionFailedException: Unable to establish websocket connection to http://localhost:64350/devtools/browser/11c4658c-2efe-4bce-8716-5645ffaed410
Build info: version: '4.0.0', revision: '3a21814679'
System info: host: 'DESKTOP-64117D5', ip: '192.168.43.77', os.name: 'Windows 11', os.arch: 'amd64', os.version: '10.0', java.version: '22.0.1'
Driver info: driver.version: ChromeDriver
at org.openqa.selenium.remote.http.netty.NettyWebSocket.<init>(NettyWebSocket.java:104)
at org.openqa.selenium.remote.http.netty.NettyWebSocket.lambda$create$3(NettyWebSocket.java:137)
at org.openqa.selenium.remote.http.netty.NettyClient.openSocket(NettyClient.java:127)
at org.openqa.selenium.devtools.Connection.<init>(Connection.java:77)
at org.openqa.selenium.chromium.ChromiumDriver.lambda$new$2(ChromiumDriver.java:124)
at java.base/java.util.Optional.map(Optional.java:260)
at org.openqa.selenium.chromium.ChromiumDriver.<init>(ChromiumDriver.java:122)
at org.openqa.selenium.chrome.ChromeDriver.<init>(ChromeDriver.java:104)
at org.openqa.selenium.chrome.ChromeDriver.<init>(ChromeDriver.java:91)
at org.openqa.selenium.chrome.ChromeDriver.<init>(ChromeDriver.java:46)
at work.orgs.Seleniumss.setup(Seleniumss.java:41)
at java.base/java.util.ArrayList.forEach(ArrayList.java:1597)
... Removed 29 stack frames]]>
    </failure>
  </testcase> <!-- @BeforeMethod setup -->
  <testcase classname="work.orgs.Seleniumss" name="@AfterMethod tearDown" time="-1.724138072627E9">
    <skipped/>
  </testcase> <!-- @AfterMethod tearDown -->
  <testcase classname="work.orgs.Seleniumss" name="@BeforeMethod setup" time="-1.724138072629E9">
    <skipped/>
  </testcase> <!-- @BeforeMethod setup -->
  <testcase classname="work.orgs.Seleniumss" name="@AfterMethod tearDown" time="-1.724138072634E9">
    <skipped/>
  </testcase> <!-- @AfterMethod tearDown -->
  <testcase classname="work.orgs.Seleniumss" name="failingTest" time="0.0">
    <skipped/>
  </testcase> <!-- failingTest -->
  <testcase classname="work.orgs.Seleniumss" name="passingTest" time="0.0">
    <skipped/>
  </testcase> <!-- passingTest -->
</testsuite> <!-- Test -->
